# JRE version: OpenJDK Runtime Environment Temurin-17.0.2+8 (17.0.2+8) (build 17.0.2+8)
# Java VM: OpenJDK 64-Bit Server VM Temurin-17.0.2+8 (17.0.2+8, mixed mode, emulated-client, tiered, compressed oops, compressed class ptrs, g1 gc, windows-amd64)
GC Precious Log:
 CPUs: 8 total, 8 available
 Memory: 3982M
 Large Page Support: Disabled
 NUMA Support: Disabled
 Compressed Oops: Enabled (32-bit)
 Heap Region Size: 1M
 Heap Min Capacity: 8M
 Heap Initial Capacity: 64M
 Heap Max Capacity: 996M
 Pre-touch: Disabled
 Parallel Workers: 8
 Concurrent Workers: 2
 Concurrent Refinement Workers: 8
 Periodic GC: Disabled
Heap:
 garbage-first heap   total 117760K, used 69050K [0x00000000c1c00000, 0x0000000100000000)
  region size 1024K, 4 young (4096K), 4 survivors (4096K)
 Metaspace       used 82393K, committed 83072K, reserved 1122304K
  class space    used 11319K, committed 11648K, reserved 1048576K
GC Heap History (20 events):
Event: 15.659 GC heap after
{Heap after GC invocations=27 (full 0):
 garbage-first heap   total 84992K, used 40755K [0x00000000c1c00000, 0x0000000100000000)
  region size 1024K, 4 young (4096K), 4 survivors (4096K)
 Metaspace       used 78155K, committed 78720K, reserved 1122304K
  class space    used 10672K, committed 10944K, reserved 1048576K
}
Event: 15.971 GC heap before
{Heap before GC invocations=27 (full 0):
 garbage-first heap   total 84992K, used 69427K [0x00000000c1c00000, 0x0000000100000000)
  region size 1024K, 32 young (32768K), 4 survivors (4096K)
 Metaspace       used 79224K, committed 79744K, reserved 1122304K
  class space    used 10812K, committed 11072K, reserved 1048576K
}
Event: 15.978 GC heap after
{Heap after GC invocations=28 (full 0):
 garbage-first heap   total 84992K, used 42068K [0x00000000c1c00000, 0x0000000100000000)
  region size 1024K, 3 young (3072K), 3 survivors (3072K)
 Metaspace       used 79224K, committed 79744K, reserved 1122304K
  class space    used 10812K, committed 11072K, reserved 1048576K
}
Event: 16.398 GC heap before
{Heap before GC invocations=28 (full 0):
 garbage-first heap   total 84992K, used 69716K [0x00000000c1c00000, 0x0000000100000000)
  region size 1024K, 30 young (30720K), 3 survivors (3072K)
 Metaspace       used 80076K, committed 80640K, reserved 1122304K
  class space    used 10962K, committed 11200K, reserved 1048576K
}
Event: 16.404 GC heap after
{Heap after GC invocations=29 (full 0):
 garbage-first heap   total 84992K, used 43452K [0x00000000c1c00000, 0x0000000100000000)
  region size 1024K, 3 young (3072K), 3 survivors (3072K)
 Metaspace       used 80076K, committed 80640K, reserved 1122304K
  class space    used 10962K, committed 11200K, reserved 1048576K
}
Event: 16.716 GC heap before
{Heap before GC invocations=30 (full 0):
 garbage-first heap   total 84992K, used 70076K [0x00000000c1c00000, 0x0000000100000000)
  region size 1024K, 29 young (29696K), 3 survivors (3072K)
 Metaspace       used 80376K, committed 80896K, reserved 1122304K
  class space    used 11049K, committed 11264K, reserved 1048576K
}
Event: 16.723 GC heap after
{Heap after GC invocations=31 (full 0):
 garbage-first heap   total 84992K, used 45023K [0x00000000c1c00000, 0x0000000100000000)
  region size 1024K, 3 young (3072K), 3 survivors (3072K)
 Metaspace       used 80376K, committed 80896K, reserved 1122304K
  class space    used 11049K, committed 11264K, reserved 1048576K
}
Event: 16.732 GC heap before
{Heap before GC invocations=31 (full 0):
 garbage-first heap   total 84992K, used 46047K [0x00000000c1c00000, 0x0000000100000000)
  region size 1024K, 4 young (4096K), 3 survivors (3072K)
 Metaspace       used 80376K, committed 80896K, reserved 1122304K
  class space    used 11049K, committed 11264K, reserved 1048576K
}
Event: 16.738 GC heap after
{Heap after GC invocations=32 (full 0):
 garbage-first heap   total 102400K, used 44720K [0x00000000c1c00000, 0x0000000100000000)
  region size 1024K, 1 young (1024K), 1 survivors (1024K)
 Metaspace       used 80376K, committed 80896K, reserved 1122304K
  class space    used 11049K, committed 11264K, reserved 1048576K
}
Event: 18.115 GC heap before
{Heap before GC invocations=32 (full 0):
 garbage-first heap   total 102400K, used 85680K [0x00000000c1c00000, 0x0000000100000000)
  region size 1024K, 40 young (40960K), 1 survivors (1024K)
 Metaspace       used 82282K, committed 82880K, reserved 1122304K
  class space    used 11302K, committed 11584K, reserved 1048576K
}
Event: 18.121 GC heap after
{Heap after GC invocations=33 (full 0):
 garbage-first heap   total 102400K, used 48676K [0x00000000c1c00000, 0x0000000100000000)
  region size 1024K, 4 young (4096K), 4 survivors (4096K)
 Metaspace       used 82282K, committed 82880K, reserved 1122304K
  class space    used 11302K, committed 11584K, reserved 1048576K
}
Event: 18.130 GC heap before
{Heap before GC invocations=33 (full 0):
 garbage-first heap   total 102400K, used 52772K [0x00000000c1c00000, 0x0000000100000000)
  region size 1024K, 9 young (9216K), 4 survivors (4096K)
 Metaspace       used 82282K, committed 82880K, reserved 1122304K
  class space    used 11302K, committed 11584K, reserved 1048576K
}
Event: 18.134 GC heap after
{Heap after GC invocations=34 (full 0):
 garbage-first heap   total 102400K, used 49681K [0x00000000c1c00000, 0x0000000100000000)
  region size 1024K, 1 young (1024K), 1 survivors (1024K)
 Metaspace       used 82282K, committed 82880K, reserved 1122304K
  class space    used 11302K, committed 11584K, reserved 1048576K
}
Event: 18.292 GC heap before
{Heap before GC invocations=35 (full 0):
 garbage-first heap   total 117760K, used 83473K [0x00000000c1c00000, 0x0000000100000000)
  region size 1024K, 33 young (33792K), 1 survivors (1024K)
 Metaspace       used 82282K, committed 82880K, reserved 1122304K
  class space    used 11302K, committed 11584K, reserved 1048576K
}
Event: 18.298 GC heap after
{Heap after GC invocations=36 (full 0):
 garbage-first heap   total 117760K, used 56844K [0x00000000c1c00000, 0x0000000100000000)
  region size 1024K, 5 young (5120K), 5 survivors (5120K)
 Metaspace       used 82282K, committed 82880K, reserved 1122304K
  class space    used 11302K, committed 11584K, reserved 1048576K
}
Event: 18.299 GC heap before
{Heap before GC invocations=36 (full 0):
 garbage-first heap   total 117760K, used 57868K [0x00000000c1c00000, 0x0000000100000000)
  region size 1024K, 6 young (6144K), 5 survivors (5120K)
 Metaspace       used 82282K, committed 82880K, reserved 1122304K
  class space    used 11302K, committed 11584K, reserved 1048576K
}
Event: 18.303 GC heap after
{Heap after GC invocations=37 (full 0):
 garbage-first heap   total 117760K, used 57410K [0x00000000c1c00000, 0x0000000100000000)
  region size 1024K, 1 young (1024K), 1 survivors (1024K)
 Metaspace       used 82282K, committed 82880K, reserved 1122304K
  class space    used 11302K, committed 11584K, reserved 1048576K
}
Event: 18.465 GC heap before
{Heap before GC invocations=37 (full 0):
 garbage-first heap   total 117760K, used 73794K [0x00000000c1c00000, 0x0000000100000000)
  region size 1024K, 19 young (19456K), 1 survivors (1024K)
 Metaspace       used 82374K, committed 83008K, reserved 1122304K
  class space    used 11316K, committed 11648K, reserved 1048576K
}
Event: 18.470 GC heap after
{Heap after GC invocations=38 (full 0):
 garbage-first heap   total 117760K, used 63604K [0x00000000c1c00000, 0x0000000100000000)
  region size 1024K, 5 young (5120K), 5 survivors (5120K)
 Metaspace       used 82374K, committed 83008K, reserved 1122304K
  class space    used 11316K, committed 11648K, reserved 1048576K
}
Event: 18.543 GC heap before
{Heap before GC invocations=38 (full 0):
 garbage-first heap   total 117760K, used 91252K [0x00000000c1c00000, 0x0000000100000000)
  region size 1024K, 30 young (30720K), 5 survivors (5120K)
 Metaspace       used 82393K, committed 83072K, reserved 1122304K
  class space    used 11319K, committed 11648K, reserved 1048576K
}

