# JRE version: OpenJDK Runtime Environment Temurin-17.0.2+8 (17.0.2+8) (build 17.0.2+8)
# Java VM: OpenJDK 64-Bit Server VM Temurin-17.0.2+8 (17.0.2+8, mixed mode, emulated-client, tiered, compressed oops, compressed class ptrs, g1 gc, windows-amd64)
GC Precious Log:
 CPUs: 8 total, 8 available
 Memory: 3982M
 Large Page Support: Disabled
 NUMA Support: Disabled
 Compressed Oops: Enabled (32-bit)
 Heap Region Size: 1M
 Heap Min Capacity: 8M
 Heap Initial Capacity: 64M
 Heap Max Capacity: 996M
 Pre-touch: Disabled
 Parallel Workers: 8
 Concurrent Workers: 2
 Concurrent Refinement Workers: 8
 Periodic GC: Disabled
Heap:
 garbage-first heap   total 153600K, used 113107K [0x00000000c1c00000, 0x0000000100000000)
  region size 1024K, 39 young (39936K), 6 survivors (6144K)
 Metaspace       used 82684K, committed 83264K, reserved 1122304K
  class space    used 11320K, committed 11584K, reserved 1048576K
GC Heap History (20 events):
Event: 19.503 GC heap before
{Heap before GC invocations=22 (full 0):
 garbage-first heap   total 92160K, used 75625K [0x00000000c1c00000, 0x0000000100000000)
  region size 1024K, 42 young (43008K), 4 survivors (4096K)
 Metaspace       used 75279K, committed 75840K, reserved 1122304K
  class space    used 10279K, committed 10560K, reserved 1048576K
}
Event: 19.510 GC heap after
{Heap after GC invocations=23 (full 0):
 garbage-first heap   total 92160K, used 38379K [0x00000000c1c00000, 0x0000000100000000)
  region size 1024K, 5 young (5120K), 5 survivors (5120K)
 Metaspace       used 75279K, committed 75840K, reserved 1122304K
  class space    used 10279K, committed 10560K, reserved 1048576K
}
Event: 20.480 GC heap before
{Heap before GC invocations=23 (full 0):
 garbage-first heap   total 92160K, used 76267K [0x00000000c1c00000, 0x0000000100000000)
  region size 1024K, 42 young (43008K), 5 survivors (5120K)
 Metaspace       used 77874K, committed 78400K, reserved 1122304K
  class space    used 10616K, committed 10880K, reserved 1048576K
}
Event: 20.487 GC heap after
{Heap after GC invocations=24 (full 0):
 garbage-first heap   total 92160K, used 40552K [0x00000000c1c00000, 0x0000000100000000)
  region size 1024K, 6 young (6144K), 6 survivors (6144K)
 Metaspace       used 77874K, committed 78400K, reserved 1122304K
  class space    used 10616K, committed 10880K, reserved 1048576K
}
Event: 20.908 GC heap before
{Heap before GC invocations=24 (full 0):
 garbage-first heap   total 92160K, used 75368K [0x00000000c1c00000, 0x0000000100000000)
  region size 1024K, 40 young (40960K), 6 survivors (6144K)
 Metaspace       used 79299K, committed 79808K, reserved 1122304K
  class space    used 10812K, committed 11072K, reserved 1048576K
}
Event: 20.915 GC heap after
{Heap after GC invocations=25 (full 0):
 garbage-first heap   total 92160K, used 42244K [0x00000000c1c00000, 0x0000000100000000)
  region size 1024K, 4 young (4096K), 4 survivors (4096K)
 Metaspace       used 79299K, committed 79808K, reserved 1122304K
  class space    used 10812K, committed 11072K, reserved 1048576K
}
Event: 21.380 GC heap before
{Heap before GC invocations=25 (full 0):
 garbage-first heap   total 92160K, used 76036K [0x00000000c1c00000, 0x0000000100000000)
  region size 1024K, 37 young (37888K), 4 survivors (4096K)
 Metaspace       used 80187K, committed 80704K, reserved 1122304K
  class space    used 10971K, committed 11200K, reserved 1048576K
}
Event: 21.387 GC heap after
{Heap after GC invocations=26 (full 0):
 garbage-first heap   total 92160K, used 43802K [0x00000000c1c00000, 0x0000000100000000)
  region size 1024K, 4 young (4096K), 4 survivors (4096K)
 Metaspace       used 80187K, committed 80704K, reserved 1122304K
  class space    used 10971K, committed 11200K, reserved 1048576K
}
Event: 21.749 GC heap before
{Heap before GC invocations=26 (full 0):
 garbage-first heap   total 92160K, used 76570K [0x00000000c1c00000, 0x0000000100000000)
  region size 1024K, 36 young (36864K), 4 survivors (4096K)
 Metaspace       used 81176K, committed 81728K, reserved 1122304K
  class space    used 11132K, committed 11392K, reserved 1048576K
}
Event: 21.755 GC heap after
{Heap after GC invocations=27 (full 0):
 garbage-first heap   total 92160K, used 45930K [0x00000000c1c00000, 0x0000000100000000)
  region size 1024K, 4 young (4096K), 4 survivors (4096K)
 Metaspace       used 81176K, committed 81728K, reserved 1122304K
  class space    used 11132K, committed 11392K, reserved 1048576K
}
Event: 22.204 GC heap before
{Heap before GC invocations=27 (full 0):
 garbage-first heap   total 92160K, used 72554K [0x00000000c1c00000, 0x0000000100000000)
  region size 1024K, 31 young (31744K), 4 survivors (4096K)
 Metaspace       used 82664K, committed 83264K, reserved 1122304K
  class space    used 11305K, committed 11584K, reserved 1048576K
}
Event: 22.213 GC heap after
{Heap after GC invocations=28 (full 0):
 garbage-first heap   total 92160K, used 48344K [0x00000000c1c00000, 0x0000000100000000)
  region size 1024K, 5 young (5120K), 5 survivors (5120K)
 Metaspace       used 82664K, committed 83264K, reserved 1122304K
  class space    used 11305K, committed 11584K, reserved 1048576K
}
Event: 22.340 GC heap before
{Heap before GC invocations=28 (full 0):
 garbage-first heap   total 128000K, used 78040K [0x00000000c1c00000, 0x0000000100000000)
  region size 1024K, 32 young (32768K), 5 survivors (5120K)
 Metaspace       used 82664K, committed 83264K, reserved 1122304K
  class space    used 11305K, committed 11584K, reserved 1048576K
}
Event: 22.352 GC heap after
{Heap after GC invocations=29 (full 0):
 garbage-first heap   total 153600K, used 54245K [0x00000000c1c00000, 0x0000000100000000)
  region size 1024K, 4 young (4096K), 4 survivors (4096K)
 Metaspace       used 82664K, committed 83264K, reserved 1122304K
  class space    used 11305K, committed 11584K, reserved 1048576K
}
Event: 22.749 GC heap before
{Heap before GC invocations=30 (full 0):
 garbage-first heap   total 153600K, used 123877K [0x00000000c1c00000, 0x0000000100000000)
  region size 1024K, 70 young (71680K), 4 survivors (4096K)
 Metaspace       used 82684K, committed 83264K, reserved 1122304K
  class space    used 11320K, committed 11584K, reserved 1048576K
}
Event: 22.768 GC heap after
{Heap after GC invocations=31 (full 0):
 garbage-first heap   total 153600K, used 70367K [0x00000000c1c00000, 0x0000000100000000)
  region size 1024K, 9 young (9216K), 9 survivors (9216K)
 Metaspace       used 82684K, committed 83264K, reserved 1122304K
  class space    used 11320K, committed 11584K, reserved 1048576K
}
Event: 22.771 GC heap before
{Heap before GC invocations=31 (full 0):
 garbage-first heap   total 153600K, used 71391K [0x00000000c1c00000, 0x0000000100000000)
  region size 1024K, 10 young (10240K), 9 survivors (9216K)
 Metaspace       used 82684K, committed 83264K, reserved 1122304K
  class space    used 11320K, committed 11584K, reserved 1048576K
}
Event: 22.778 GC heap after
{Heap after GC invocations=32 (full 0):
 garbage-first heap   total 153600K, used 72065K [0x00000000c1c00000, 0x0000000100000000)
  region size 1024K, 2 young (2048K), 2 survivors (2048K)
 Metaspace       used 82684K, committed 83264K, reserved 1122304K
  class space    used 11320K, committed 11584K, reserved 1048576K
}
Event: 22.944 GC heap before
{Heap before GC invocations=32 (full 0):
 garbage-first heap   total 153600K, used 99713K [0x00000000c1c00000, 0x0000000100000000)
  region size 1024K, 31 young (31744K), 2 survivors (2048K)
 Metaspace       used 82684K, committed 83264K, reserved 1122304K
  class space    used 11320K, committed 11584K, reserved 1048576K
}
Event: 22.953 GC heap after
{Heap after GC invocations=33 (full 0):
 garbage-first heap   total 153600K, used 80339K [0x00000000c1c00000, 0x0000000100000000)
  region size 1024K, 6 young (6144K), 6 survivors (6144K)
 Metaspace       used 82684K, committed 83264K, reserved 1122304K
  class space    used 11320K, committed 11584K, reserved 1048576K
}

